<?xml version="1.0" encoding="UTF-8"?>
<testsuite name="it.uniroma1.ServerLogicTest" time="2.275" tests="2" errors="0" skipped="0" failures="1">
  <properties>
[...]
</properties>
  <testcase name="testHello" classname="it.uniroma1.ServerLogicTest" time="2.166"/>
  <testcase name="testNewCertificate" classname="it.uniroma1.ServerLogicTest" time="0.109">
    <failure message="Response body doesn&apos;t match expectation.&#10;Expected: is &quot;ciao&quot;&#10;  Actual: {&quot;timestamp&quot;:1713019168965,&quot;status&quot;:400,&quot;error&quot;:&quot;Bad Request&quot;,&quot;exception&quot;:&quot;org.springframework.http.converter.HttpMessageNotReadableException&quot;,&quot;message&quot;:&quot;Required request body content is missing: org.springframework.web.method.HandlerMethod$HandlerMethodParameter@b33a5b89&quot;,&quot;path&quot;:&quot;/newCertificate&quot;}&#10;" type="java.lang.AssertionError">java.lang.AssertionError: Response body doesn't match expectation.
Expected: is "ciao"
  Actual: {"timestamp":1713019168965,"status":400,"error":"Bad Request","exception":"org.springframework.http.converter.HttpMessageNotReadableException","message":"Required request body content is missing: org.springframework.web.method.HandlerMethod$HandlerMethodParameter@b33a5b89","path":"/newCertificate"}

	at sun.reflect.NativeConstructorAccessorImpl.newInstance0(Native Method)
	at sun.reflect.NativeConstructorAccessorImpl.newInstance(NativeConstructorAccessorImpl.java:62)
	at sun.reflect.DelegatingConstructorAccessorImpl.newInstance(DelegatingConstructorAccessorImpl.java:45)
	at java.lang.reflect.Constructor.newInstance(Constructor.java:423)
	at org.codehaus.groovy.reflection.CachedConstructor.invoke(CachedConstructor.java:80)
	at org.codehaus.groovy.reflection.CachedConstructor.doConstructorInvoke(CachedConstructor.java:74)
	at org.codehaus.groovy.runtime.callsite.ConstructorSite$ConstructorSiteNoUnwrap.callConstructor(ConstructorSite.java:84)
	at org.codehaus.groovy.runtime.callsite.CallSiteArray.defaultCallConstructor(CallSiteArray.java:60)
	at org.codehaus.groovy.runtime.callsite.AbstractCallSite.callConstructor(AbstractCallSite.java:235)
	at org.codehaus.groovy.runtime.callsite.AbstractCallSite.callConstructor(AbstractCallSite.java:247)
	at com.jayway.restassured.internal.ResponseSpecificationImpl$HamcrestAssertionClosure.validate(ResponseSpecificationImpl.groovy:573)
	at com.jayway.restassured.internal.ResponseSpecificationImpl$HamcrestAssertionClosure$validate$1.call(Unknown Source)
	at com.jayway.restassured.internal.ResponseSpecificationImpl.validateResponseIfRequired(ResponseSpecificationImpl.groovy:732)
	at com.jayway.restassured.internal.ResponseSpecificationImpl.this$2$validateResponseIfRequired(ResponseSpecificationImpl.groovy)
	at sun.reflect.NativeMethodAccessorImpl.invoke0(Native Method)
	at sun.reflect.NativeMethodAccessorImpl.invoke(NativeMethodAccessorImpl.java:62)
	at sun.reflect.DelegatingMethodAccessorImpl.invoke(DelegatingMethodAccessorImpl.java:43)
	at java.lang.reflect.Method.invoke(Method.java:498)
	at org.codehaus.groovy.runtime.callsite.PogoMetaMethodSite$PogoCachedMethodSiteNoUnwrapNoCoerce.invoke(PogoMetaMethodSite.java:210)
	at org.codehaus.groovy.runtime.callsite.PogoMetaMethodSite.callCurrent(PogoMetaMethodSite.java:59)
	at org.codehaus.groovy.runtime.callsite.AbstractCallSite.callCurrent(AbstractCallSite.java:166)
	at com.jayway.restassured.internal.ResponseSpecificationImpl.content(ResponseSpecificationImpl.groovy:92)
	at com.jayway.restassured.specification.ResponseSpecification$content$0.callCurrent(Unknown Source)
	at com.jayway.restassured.internal.ResponseSpecificationImpl.body(ResponseSpecificationImpl.groovy:207)
	at com.jayway.restassured.internal.ValidatableResponseOptionsImpl.body(ValidatableResponseOptionsImpl.java:251)
	at it.uniroma1.ServerLogicTest.testNewCertificate(ServerLogicTest.java:40)
</failure>
  </testcase>
</testsuite>